Using pre-set license
Built from '2020.3/staging' branch; Version is '2020.3.3f1 (76626098c1c4) revision 7758432'; Using compiler version '192528614'; Build Type 'Release'
OS: 'Windows 10 Home; OS build 19042.928; Version 2009; 64bit' Language: 'en' Physical Memory: 16225 MB
BatchMode: 1, IsHumanControllingUs: 0, StartBugReporterOnCrash: 0, Is64bit: 1, IsPro: 0

 COMMAND LINE ARGUMENTS:
C:\Program Files\Unity\Hub\Editor\2020.3.3f1\Editor\Unity.exe
-adb2
-batchMode
-noUpm
-name
AssetImportWorker0
-projectPath
D:/Development/Projects/Unity/Getaway-Thulla
-logFile
Logs/AssetImportWorker0.log
-srvPort
61972
Successfully changed project path to: D:/Development/Projects/Unity/Getaway-Thulla
D:/Development/Projects/Unity/Getaway-Thulla
Using Asset Import Pipeline V2.
Refreshing native plugins compatible for Editor in 41.32 ms, found 1 plugins.
Preloading 0 native plugins for Editor in 0.00 ms.
Initialize engine version: 2020.3.3f1 (76626098c1c4)
[Subsystems] Discovering subsystems at path C:/Program Files/Unity/Hub/Editor/2020.3.3f1/Editor/Data/Resources/UnitySubsystems
[Subsystems] Discovering subsystems at path D:/Development/Projects/Unity/Getaway-Thulla/Assets
GfxDevice: creating device client; threaded=0
Direct3D:
    Version:  Direct3D 11.0 [level 11.1]
    Renderer: Intel(R) UHD Graphics 620 (ID=0x5917)
    Vendor:   
    VRAM:     8112 MB
    Driver:   27.20.100.8681
Initialize mono
Mono path[0] = 'C:/Program Files/Unity/Hub/Editor/2020.3.3f1/Editor/Data/Managed'
Mono path[1] = 'C:/Program Files/Unity/Hub/Editor/2020.3.3f1/Editor/Data/MonoBleedingEdge/lib/mono/unityjit'
Mono config path = 'C:/Program Files/Unity/Hub/Editor/2020.3.3f1/Editor/Data/MonoBleedingEdge/etc'
Using monoOptions --debugger-agent=transport=dt_socket,embedding=1,server=y,suspend=n,address=127.0.0.1:56636
Begin MonoManager ReloadAssembly
Registering precompiled unity dll's ...
Register platform support module: C:/Program Files/Unity/Hub/Editor/2020.3.3f1/Editor/Data/PlaybackEngines/WebGLSupport/UnityEditor.WebGL.Extensions.dll
Register platform support module: C:/Program Files/Unity/Hub/Editor/2020.3.3f1/Editor/Data/PlaybackEngines/WindowsStandaloneSupport/UnityEditor.WindowsStandalone.Extensions.dll
Registered in 0.002525 seconds.
Native extension for WindowsStandalone target not found
Native extension for WebGL target not found
Refreshing native plugins compatible for Editor in 42.35 ms, found 1 plugins.
Preloading 0 native plugins for Editor in 0.00 ms.
Invoked RoslynAnalysisRunner static constructor.
RoslynAnalysisRunner will not be running.
RoslynAnalysisRunner has terminated.
Mono: successfully reloaded assembly
- Completed reload, in  1.848 seconds
Platform modules already initialized, skipping
Registering precompiled user dll's ...
Registered in 0.003271 seconds.
Begin MonoManager ReloadAssembly
Native extension for WindowsStandalone target not found
Native extension for WebGL target not found
Refreshing native plugins compatible for Editor in 42.28 ms, found 1 plugins.
Preloading 0 native plugins for Editor in 0.00 ms.
Invoked RoslynAnalysisRunner static constructor.
RoslynAnalysisRunner will not be running.
RoslynAnalysisRunner has terminated.
Mono: successfully reloaded assembly
- Completed reload, in  0.987 seconds
Platform modules already initialized, skipping
========================================================================
Worker process is ready to serve import requests
Launched and connected shader compiler UnityShaderCompiler.exe after 0.05 seconds
Refreshing native plugins compatible for Editor in 0.48 ms, found 1 plugins.
Preloading 0 native plugins for Editor in 0.00 ms.
Unloading 2068 Unused Serialized files (Serialized files now loaded: 0)
System memory in use before: 93.4 MB.
System memory in use after: 93.5 MB.

Unloading 23 unused Assets to reduce memory usage. Loaded Objects now: 2511.
Total: 2.240100 ms (FindLiveObjects: 0.210400 ms CreateObjectMapping: 0.080400 ms MarkObjects: 1.880600 ms  DeleteObjects: 0.067500 ms)

========================================================================
Received Import Request.
  path: Assets/Prefabs/Button.prefab
  artifactKey: Guid(8670432cf24d6d54180de366d4374353) Importer(815301076,1909f56bfc062723c751e8b465ee728b)
Start importing Assets/Prefabs/Button.prefab using Guid(8670432cf24d6d54180de366d4374353) Importer(815301076,1909f56bfc062723c751e8b465ee728b)  -> (artifact id: '8235a3fe88a4282963f6c518c8fb4c39') in 0.072739 seconds
  Import took 0.076831 seconds .

========================================================================
Received Import Request.
  Time since last request: 0.000360 seconds.
  path: Assets/Prefabs/Servers List Button.prefab
  artifactKey: Guid(3c170c8a9a760bc47a62ba23a87a9329) Importer(815301076,1909f56bfc062723c751e8b465ee728b)
Start importing Assets/Prefabs/Servers List Button.prefab using Guid(3c170c8a9a760bc47a62ba23a87a9329) Importer(815301076,1909f56bfc062723c751e8b465ee728b)  -> (artifact id: '2f40f89aaef623a618edfd387a29794e') in 0.013081 seconds
  Import took 0.017251 seconds .

========================================================================
Received Import Request.
  Time since last request: 0.000281 seconds.
  path: Assets/Fonts/CARDC___.TTF
  artifactKey: Guid(e04c568a43b2681428bb42c6a4283b0c) Importer(815301076,1909f56bfc062723c751e8b465ee728b)
Start importing Assets/Fonts/CARDC___.TTF using Guid(e04c568a43b2681428bb42c6a4283b0c) Importer(815301076,1909f56bfc062723c751e8b465ee728b)  -> (artifact id: '9239ffe62beeeb1b4dc3f9328be72ae2') in 0.123163 seconds
  Import took 0.128118 seconds .

========================================================================
Received Import Request.
  Time since last request: 10.493385 seconds.
  path: Assets/Scripts/Hosting.cs
  artifactKey: Guid(04d823cc24a3dff459265cae4e9466ef) Importer(815301076,1909f56bfc062723c751e8b465ee728b)
Start importing Assets/Scripts/Hosting.cs using Guid(04d823cc24a3dff459265cae4e9466ef) Importer(815301076,1909f56bfc062723c751e8b465ee728b)  -> (artifact id: 'cbe59eecd82d63b25832f7820d75a226') in 0.022189 seconds
  Import took 0.025817 seconds .

========================================================================
Received Import Request.
  Time since last request: 4.155842 seconds.
  path: Assets/Scripts/MainMenu.cs
  artifactKey: Guid(f64115776825c9740ace9db4bf8ec91e) Importer(815301076,1909f56bfc062723c751e8b465ee728b)
Start importing Assets/Scripts/MainMenu.cs using Guid(f64115776825c9740ace9db4bf8ec91e) Importer(815301076,1909f56bfc062723c751e8b465ee728b)  -> (artifact id: '5735a0240bf39327b29c6724d9893f6e') in 0.009046 seconds
  Import took 0.013514 seconds .

========================================================================
Received Import Request.
  Time since last request: 0.002893 seconds.
  path: Assets/Scripts/MainMenu.cs
  artifactKey: Guid(f64115776825c9740ace9db4bf8ec91e) Importer(815301076,1909f56bfc062723c751e8b465ee728b)
Start importing Assets/Scripts/MainMenu.cs using Guid(f64115776825c9740ace9db4bf8ec91e) Importer(815301076,1909f56bfc062723c751e8b465ee728b)  -> (artifact id: '5735a0240bf39327b29c6724d9893f6e') in 0.002062 seconds
  Import took 0.006765 seconds .

========================================================================
Received Prepare
Registering precompiled user dll's ...
Registered in 0.002476 seconds.
Begin MonoManager ReloadAssembly
Native extension for WindowsStandalone target not found
Native extension for WebGL target not found
Refreshing native plugins compatible for Editor in 0.59 ms, found 1 plugins.
Preloading 0 native plugins for Editor in 0.00 ms.
Invoked RoslynAnalysisRunner static constructor.
RoslynAnalysisRunner will not be running.
RoslynAnalysisRunner has terminated.
Mono: successfully reloaded assembly
- Completed reload, in  1.529 seconds
Platform modules already initialized, skipping
Switching build target platform(5) subTarget(0) extendedPlatform(0) -> platform(13) subTarget(537395200) extendedPlatform(0)
Refreshing native plugins compatible for Editor in 0.87 ms, found 1 plugins.
Preloading 0 native plugins for Editor in 0.00 ms.
Unloading 2062 Unused Serialized files (Serialized files now loaded: 0)
System memory in use before: 96.3 MB.
System memory in use after: 96.5 MB.

Unloading 13 unused Assets to reduce memory usage. Loaded Objects now: 2560.
Total: 2.780300 ms (FindLiveObjects: 0.233300 ms CreateObjectMapping: 0.100800 ms MarkObjects: 2.413200 ms  DeleteObjects: 0.031300 ms)

AssetImportParameters requested are different than current active one (requested -> active):
  custom:graphics/normal-map-encoding: 01000000000000000000000000000000 -> 02000000000000000000000000000000
========================================================================
Received Prepare
Registering precompiled user dll's ...
Registered in 0.002393 seconds.
Begin MonoManager ReloadAssembly
Native extension for WindowsStandalone target not found
Native extension for WebGL target not found
Refreshing native plugins compatible for Editor in 0.50 ms, found 1 plugins.
Preloading 0 native plugins for Editor in 0.00 ms.
Invoked RoslynAnalysisRunner static constructor.
RoslynAnalysisRunner will not be running.
RoslynAnalysisRunner has terminated.
Mono: successfully reloaded assembly
- Completed reload, in  0.947 seconds
Platform modules already initialized, skipping
Switching build target platform(5) subTarget(0) extendedPlatform(0) -> platform(13) subTarget(537395200) extendedPlatform(0)
Refreshing native plugins compatible for Editor in 0.43 ms, found 1 plugins.
Preloading 0 native plugins for Editor in 0.00 ms.
Unloading 2062 Unused Serialized files (Serialized files now loaded: 0)
System memory in use before: 96.4 MB.
System memory in use after: 96.5 MB.

Unloading 12 unused Assets to reduce memory usage. Loaded Objects now: 2563.
Total: 2.837400 ms (FindLiveObjects: 0.178100 ms CreateObjectMapping: 0.062100 ms MarkObjects: 2.579700 ms  DeleteObjects: 0.016500 ms)

AssetImportParameters requested are different than current active one (requested -> active):
  custom:graphics/normal-map-encoding: 01000000000000000000000000000000 -> 02000000000000000000000000000000
========================================================================
Received Prepare
Registering precompiled user dll's ...
Registered in 0.002294 seconds.
Begin MonoManager ReloadAssembly
Native extension for WindowsStandalone target not found
Native extension for WebGL target not found
Refreshing native plugins compatible for Editor in 0.48 ms, found 1 plugins.
Preloading 0 native plugins for Editor in 0.00 ms.
Invoked RoslynAnalysisRunner static constructor.
RoslynAnalysisRunner will not be running.
RoslynAnalysisRunner has terminated.
Mono: successfully reloaded assembly
- Completed reload, in  1.024 seconds
Platform modules already initialized, skipping
Switching build target platform(5) subTarget(0) extendedPlatform(0) -> platform(13) subTarget(537395200) extendedPlatform(0)
Refreshing native plugins compatible for Editor in 0.51 ms, found 1 plugins.
Preloading 0 native plugins for Editor in 0.00 ms.
Unloading 2063 Unused Serialized files (Serialized files now loaded: 0)
System memory in use before: 96.4 MB.
System memory in use after: 96.5 MB.

Unloading 12 unused Assets to reduce memory usage. Loaded Objects now: 2567.
Total: 3.006900 ms (FindLiveObjects: 0.227700 ms CreateObjectMapping: 0.095500 ms MarkObjects: 2.663600 ms  DeleteObjects: 0.018700 ms)

AssetImportParameters requested are different than current active one (requested -> active):
  custom:graphics/normal-map-encoding: 01000000000000000000000000000000 -> 02000000000000000000000000000000
========================================================================
Received Prepare
Registering precompiled user dll's ...
Registered in 0.002471 seconds.
Begin MonoManager ReloadAssembly
Native extension for WindowsStandalone target not found
Native extension for WebGL target not found
Refreshing native plugins compatible for Editor in 0.60 ms, found 1 plugins.
Preloading 0 native plugins for Editor in 0.00 ms.
Invoked RoslynAnalysisRunner static constructor.
RoslynAnalysisRunner will not be running.
RoslynAnalysisRunner has terminated.
Mono: successfully reloaded assembly
- Completed reload, in  1.285 seconds
Platform modules already initialized, skipping
Refreshing native plugins compatible for Editor in 0.60 ms, found 1 plugins.
Preloading 0 native plugins for Editor in 0.00 ms.
Unloading 2059 Unused Serialized files (Serialized files now loaded: 0)
System memory in use before: 96.4 MB.
System memory in use after: 96.5 MB.

Unloading 12 unused Assets to reduce memory usage. Loaded Objects now: 2570.
Total: 3.610400 ms (FindLiveObjects: 0.643100 ms CreateObjectMapping: 0.234000 ms MarkObjects: 2.689400 ms  DeleteObjects: 0.041800 ms)

========================================================================
Received Prepare
Refreshing native plugins compatible for Editor in 3.85 ms, found 1 plugins.
Preloading 0 native plugins for Editor in 0.00 ms.
Unloading 10 Unused Serialized files (Serialized files now loaded: 0)
System memory in use before: 55.9 MB.
System memory in use after: 56.0 MB.

Unloading 9 unused Assets to reduce memory usage. Loaded Objects now: 2570.
Total: 3.510400 ms (FindLiveObjects: 0.332400 ms CreateObjectMapping: 0.153200 ms MarkObjects: 3.000200 ms  DeleteObjects: 0.022700 ms)

========================================================================
Received Prepare
Registering precompiled user dll's ...
Registered in 0.002258 seconds.
Begin MonoManager ReloadAssembly
Native extension for WindowsStandalone target not found
Native extension for WebGL target not found
Refreshing native plugins compatible for Editor in 0.56 ms, found 1 plugins.
Preloading 0 native plugins for Editor in 0.00 ms.
Invoked RoslynAnalysisRunner static constructor.
RoslynAnalysisRunner will not be running.
RoslynAnalysisRunner has terminated.
Mono: successfully reloaded assembly
- Completed reload, in  1.384 seconds
Platform modules already initialized, skipping
Refreshing native plugins compatible for Editor in 0.81 ms, found 1 plugins.
Preloading 0 native plugins for Editor in 0.00 ms.
Unloading 2059 Unused Serialized files (Serialized files now loaded: 0)
System memory in use before: 96.4 MB.
System memory in use after: 96.5 MB.

Unloading 12 unused Assets to reduce memory usage. Loaded Objects now: 2573.
Total: 4.392800 ms (FindLiveObjects: 0.608300 ms CreateObjectMapping: 0.189900 ms MarkObjects: 3.547900 ms  DeleteObjects: 0.044000 ms)

========================================================================
Received Prepare
Registering precompiled user dll's ...
Registered in 0.002346 seconds.
Begin MonoManager ReloadAssembly
Native extension for WindowsStandalone target not found
Native extension for WebGL target not found
Refreshing native plugins compatible for Editor in 0.83 ms, found 1 plugins.
Preloading 0 native plugins for Editor in 0.00 ms.
Invoked RoslynAnalysisRunner static constructor.
RoslynAnalysisRunner will not be running.
RoslynAnalysisRunner has terminated.
Mono: successfully reloaded assembly
- Completed reload, in  1.901 seconds
Platform modules already initialized, skipping
Refreshing native plugins compatible for Editor in 0.78 ms, found 1 plugins.
Preloading 0 native plugins for Editor in 0.00 ms.
Unloading 2059 Unused Serialized files (Serialized files now loaded: 0)
System memory in use before: 96.4 MB.
System memory in use after: 96.5 MB.

Unloading 12 unused Assets to reduce memory usage. Loaded Objects now: 2576.
Total: 4.247800 ms (FindLiveObjects: 0.401300 ms CreateObjectMapping: 0.180800 ms MarkObjects: 3.620600 ms  DeleteObjects: 0.042200 ms)

========================================================================
Received Prepare
Registering precompiled user dll's ...
Registered in 0.001999 seconds.
Begin MonoManager ReloadAssembly
Native extension for WindowsStandalone target not found
Native extension for WebGL target not found
Refreshing native plugins compatible for Editor in 0.48 ms, found 1 plugins.
Preloading 0 native plugins for Editor in 0.00 ms.
Invoked RoslynAnalysisRunner static constructor.
RoslynAnalysisRunner will not be running.
RoslynAnalysisRunner has terminated.
Mono: successfully reloaded assembly
- Completed reload, in  0.868 seconds
Platform modules already initialized, skipping
Refreshing native plugins compatible for Editor in 0.52 ms, found 1 plugins.
Preloading 0 native plugins for Editor in 0.00 ms.
Unloading 2059 Unused Serialized files (Serialized files now loaded: 0)
System memory in use before: 96.4 MB.
System memory in use after: 96.5 MB.

Unloading 12 unused Assets to reduce memory usage. Loaded Objects now: 2579.
Total: 2.244800 ms (FindLiveObjects: 0.222600 ms CreateObjectMapping: 0.065500 ms MarkObjects: 1.939800 ms  DeleteObjects: 0.015700 ms)

========================================================================
Received Import Request.
  Time since last request: 2504.214964 seconds.
  path: Assets/Scripts/Hosting.cs
  artifactKey: Guid(04d823cc24a3dff459265cae4e9466ef) Importer(815301076,1909f56bfc062723c751e8b465ee728b)
Start importing Assets/Scripts/Hosting.cs using Guid(04d823cc24a3dff459265cae4e9466ef) Importer(815301076,1909f56bfc062723c751e8b465ee728b)  -> (artifact id: 'b3a5d118dfcd97e6c4ffd8e2a391691e') in 0.011769 seconds
  Import took 0.015778 seconds .

========================================================================
Received Import Request.
  Time since last request: 0.068252 seconds.
  path: Assets/Scripts/Hosting.cs
  artifactKey: Guid(04d823cc24a3dff459265cae4e9466ef) Importer(815301076,1909f56bfc062723c751e8b465ee728b)
Start importing Assets/Scripts/Hosting.cs using Guid(04d823cc24a3dff459265cae4e9466ef) Importer(815301076,1909f56bfc062723c751e8b465ee728b)  -> (artifact id: 'b3a5d118dfcd97e6c4ffd8e2a391691e') in 0.003135 seconds
  Import took 0.010061 seconds .

========================================================================
Received Prepare
Registering precompiled user dll's ...
Registered in 0.002240 seconds.
Begin MonoManager ReloadAssembly
Native extension for WindowsStandalone target not found
Native extension for WebGL target not found
Refreshing native plugins compatible for Editor in 0.48 ms, found 1 plugins.
Preloading 0 native plugins for Editor in 0.00 ms.
Invoked RoslynAnalysisRunner static constructor.
RoslynAnalysisRunner will not be running.
RoslynAnalysisRunner has terminated.
Mono: successfully reloaded assembly
- Completed reload, in  0.881 seconds
Platform modules already initialized, skipping
Refreshing native plugins compatible for Editor in 0.47 ms, found 1 plugins.
Preloading 0 native plugins for Editor in 0.00 ms.
Unloading 2059 Unused Serialized files (Serialized files now loaded: 0)
System memory in use before: 96.4 MB.
System memory in use after: 96.6 MB.

Unloading 12 unused Assets to reduce memory usage. Loaded Objects now: 2582.
Total: 2.554900 ms (FindLiveObjects: 0.247200 ms CreateObjectMapping: 0.083700 ms MarkObjects: 2.206400 ms  DeleteObjects: 0.016700 ms)

========================================================================
Received Prepare
Registering precompiled user dll's ...
Registered in 0.001967 seconds.
Begin MonoManager ReloadAssembly
Native extension for WindowsStandalone target not found
Native extension for WebGL target not found
Refreshing native plugins compatible for Editor in 0.49 ms, found 1 plugins.
Preloading 0 native plugins for Editor in 0.00 ms.
Invoked RoslynAnalysisRunner static constructor.
RoslynAnalysisRunner will not be running.
RoslynAnalysisRunner has terminated.
Mono: successfully reloaded assembly
- Completed reload, in  0.859 seconds
Platform modules already initialized, skipping
Refreshing native plugins compatible for Editor in 0.40 ms, found 1 plugins.
Preloading 0 native plugins for Editor in 0.00 ms.
Unloading 2059 Unused Serialized files (Serialized files now loaded: 0)
System memory in use before: 96.4 MB.
System memory in use after: 96.6 MB.

Unloading 12 unused Assets to reduce memory usage. Loaded Objects now: 2585.
Total: 2.613800 ms (FindLiveObjects: 0.319200 ms CreateObjectMapping: 0.101300 ms MarkObjects: 2.173200 ms  DeleteObjects: 0.018700 ms)

========================================================================
Received Import Request.
  Time since last request: 331.532829 seconds.
  path: Assets/Scripts/Hosting.cs
  artifactKey: Guid(04d823cc24a3dff459265cae4e9466ef) Importer(815301076,1909f56bfc062723c751e8b465ee728b)
Start importing Assets/Scripts/Hosting.cs using Guid(04d823cc24a3dff459265cae4e9466ef) Importer(815301076,1909f56bfc062723c751e8b465ee728b)  -> (artifact id: '2cb84dea3850edfeeac7b331e0b96837') in 0.004312 seconds
  Import took 0.007664 seconds .

========================================================================
Received Import Request.
  Time since last request: 0.000309 seconds.
  path: Assets/Scripts
  artifactKey: Guid(2cf962beaee66ea47954aa67d99cf532) Importer(815301076,1909f56bfc062723c751e8b465ee728b)
Start importing Assets/Scripts using Guid(2cf962beaee66ea47954aa67d99cf532) Importer(815301076,1909f56bfc062723c751e8b465ee728b)  -> (artifact id: 'd88f9f63167b4e61d257849424770430') in 0.006346 seconds
  Import took 0.010257 seconds .

========================================================================
Received Import Request.
  Time since last request: 5.830227 seconds.
  path: Assets/Scripts/Hosting
  artifactKey: Guid(0b14c29ca65063f45ab39dbd328404bb) Importer(815301076,1909f56bfc062723c751e8b465ee728b)
Start importing Assets/Scripts/Hosting using Guid(0b14c29ca65063f45ab39dbd328404bb) Importer(815301076,1909f56bfc062723c751e8b465ee728b)  -> (artifact id: '2f3b345d0f89eac63e4c119746f7910c') in 0.002895 seconds
  Import took 0.006681 seconds .

========================================================================
Received Prepare
Registering precompiled user dll's ...
Registered in 0.001957 seconds.
Begin MonoManager ReloadAssembly
Native extension for WindowsStandalone target not found
Native extension for WebGL target not found
Refreshing native plugins compatible for Editor in 0.58 ms, found 1 plugins.
Preloading 0 native plugins for Editor in 0.00 ms.
Invoked RoslynAnalysisRunner static constructor.
RoslynAnalysisRunner will not be running.
RoslynAnalysisRunner has terminated.
Mono: successfully reloaded assembly
- Completed reload, in  0.974 seconds
Platform modules already initialized, skipping
Refreshing native plugins compatible for Editor in 0.62 ms, found 1 plugins.
Preloading 0 native plugins for Editor in 0.00 ms.
Unloading 2059 Unused Serialized files (Serialized files now loaded: 0)
System memory in use before: 96.5 MB.
System memory in use after: 96.6 MB.

Unloading 12 unused Assets to reduce memory usage. Loaded Objects now: 2588.
Total: 5.413900 ms (FindLiveObjects: 1.030700 ms CreateObjectMapping: 0.556900 ms MarkObjects: 3.783600 ms  DeleteObjects: 0.040100 ms)

========================================================================
Received Import Request.
  Time since last request: 19.736939 seconds.
  path: Assets/Scripts/Hosting/New Folder
  artifactKey: Guid(6b63926e570938e4a937237b8313e67e) Importer(815301076,1909f56bfc062723c751e8b465ee728b)
Start importing Assets/Scripts/Hosting/New Folder using Guid(6b63926e570938e4a937237b8313e67e) Importer(815301076,1909f56bfc062723c751e8b465ee728b)  -> (artifact id: 'be71d24c70490464beb8753687700cd1') in 0.011918 seconds
  Import took 0.016379 seconds .

========================================================================
Received Import Request.
  Time since last request: 12.789993 seconds.
  path: Assets/Scripts/Hosting/HostingConnectionHandle.cs
  artifactKey: Guid(ef062cb001c8a074e9a8691601345d1e) Importer(815301076,1909f56bfc062723c751e8b465ee728b)
Start importing Assets/Scripts/Hosting/HostingConnectionHandle.cs using Guid(ef062cb001c8a074e9a8691601345d1e) Importer(815301076,1909f56bfc062723c751e8b465ee728b)  -> (artifact id: '94314f1cbf606e1860d6f63c3ddcaf38') in 0.007596 seconds
  Import took 0.012635 seconds .

========================================================================
Received Prepare
Registering precompiled user dll's ...
Registered in 0.001962 seconds.
Begin MonoManager ReloadAssembly
Native extension for WindowsStandalone target not found
Native extension for WebGL target not found
Refreshing native plugins compatible for Editor in 0.54 ms, found 1 plugins.
Preloading 0 native plugins for Editor in 0.00 ms.
Invoked RoslynAnalysisRunner static constructor.
RoslynAnalysisRunner will not be running.
RoslynAnalysisRunner has terminated.
Mono: successfully reloaded assembly
- Completed reload, in  0.907 seconds
Platform modules already initialized, skipping
Refreshing native plugins compatible for Editor in 0.40 ms, found 1 plugins.
Preloading 0 native plugins for Editor in 0.00 ms.
Unloading 2060 Unused Serialized files (Serialized files now loaded: 0)
System memory in use before: 96.5 MB.
System memory in use after: 96.6 MB.

Unloading 12 unused Assets to reduce memory usage. Loaded Objects now: 2592.
Total: 2.456900 ms (FindLiveObjects: 0.326900 ms CreateObjectMapping: 0.176500 ms MarkObjects: 1.915400 ms  DeleteObjects: 0.037000 ms)

========================================================================
Received Import Request.
  Time since last request: 35.922559 seconds.
  path: Assets/Scenes
  artifactKey: Guid(5824c83a8d31bb74aae07867afa8f9be) Importer(815301076,1909f56bfc062723c751e8b465ee728b)
Start importing Assets/Scenes using Guid(5824c83a8d31bb74aae07867afa8f9be) Importer(815301076,1909f56bfc062723c751e8b465ee728b)  -> (artifact id: '9f06a2b107c708395bfa20aaf0d1b31c') in 0.014872 seconds
  Import took 0.020548 seconds .

========================================================================
Received Import Request.
  Time since last request: 1.018297 seconds.
  path: Assets/Scenes/Hosting.unity
  artifactKey: Guid(f8b5ae4558ada144893703e98bea52f7) Importer(815301076,1909f56bfc062723c751e8b465ee728b)
Start importing Assets/Scenes/Hosting.unity using Guid(f8b5ae4558ada144893703e98bea52f7) Importer(815301076,1909f56bfc062723c751e8b465ee728b)  -> (artifact id: '163af56f8ae04846e74f751e82d40997') in 0.013746 seconds
  Import took 0.016979 seconds .

========================================================================
Received Import Request.
  Time since last request: 1185.821792 seconds.
  path: Assets/Scripts/Hosting/HostingConnectionHandle.cs
  artifactKey: Guid(ef062cb001c8a074e9a8691601345d1e) Importer(815301076,1909f56bfc062723c751e8b465ee728b)
Start importing Assets/Scripts/Hosting/HostingConnectionHandle.cs using Guid(ef062cb001c8a074e9a8691601345d1e) Importer(815301076,1909f56bfc062723c751e8b465ee728b)  -> (artifact id: 'c62637669a489f5024a4057f0bd5914d') in 0.004464 seconds
  Import took 0.009390 seconds .

========================================================================
Received Import Request.
  Time since last request: 0.000710 seconds.
  path: Assets/Scripts/Hosting/HostingConnectionHandle.cs
  artifactKey: Guid(ef062cb001c8a074e9a8691601345d1e) Importer(815301076,1909f56bfc062723c751e8b465ee728b)
Start importing Assets/Scripts/Hosting/HostingConnectionHandle.cs using Guid(ef062cb001c8a074e9a8691601345d1e) Importer(815301076,1909f56bfc062723c751e8b465ee728b)  -> (artifact id: 'c62637669a489f5024a4057f0bd5914d') in 0.003208 seconds
  Import took 0.009287 seconds .

========================================================================
Received Import Request.
  Time since last request: 875.621255 seconds.
  path: Assets/Scripts/Hosting/HostingConnectionHandle.cs
  artifactKey: Guid(ef062cb001c8a074e9a8691601345d1e) Importer(815301076,1909f56bfc062723c751e8b465ee728b)
Start importing Assets/Scripts/Hosting/HostingConnectionHandle.cs using Guid(ef062cb001c8a074e9a8691601345d1e) Importer(815301076,1909f56bfc062723c751e8b465ee728b)  -> (artifact id: 'e5e178b03bab4f8534fbcff31425a783') in 0.003408 seconds
  Import took 0.010993 seconds .

========================================================================
Received Prepare
Registering precompiled user dll's ...
Registered in 0.002670 seconds.
Begin MonoManager ReloadAssembly
Native extension for WindowsStandalone target not found
Native extension for WebGL target not found
Refreshing native plugins compatible for Editor in 0.61 ms, found 1 plugins.
Preloading 0 native plugins for Editor in 0.00 ms.
Invoked RoslynAnalysisRunner static constructor.
RoslynAnalysisRunner will not be running.
RoslynAnalysisRunner has terminated.
Mono: successfully reloaded assembly
- Completed reload, in  1.467 seconds
Platform modules already initialized, skipping
Refreshing native plugins compatible for Editor in 0.59 ms, found 1 plugins.
Preloading 0 native plugins for Editor in 0.00 ms.
Unloading 2060 Unused Serialized files (Serialized files now loaded: 0)
System memory in use before: 96.5 MB.
System memory in use after: 96.6 MB.

Unloading 12 unused Assets to reduce memory usage. Loaded Objects now: 2595.
Total: 2.577400 ms (FindLiveObjects: 0.237800 ms CreateObjectMapping: 0.098800 ms MarkObjects: 2.214200 ms  DeleteObjects: 0.024900 ms)

========================================================================
Received Import Request.
  Time since last request: 456.435306 seconds.
  path: Assets/Scripts/MainMenu.cs
  artifactKey: Guid(f64115776825c9740ace9db4bf8ec91e) Importer(815301076,1909f56bfc062723c751e8b465ee728b)
Start importing Assets/Scripts/MainMenu.cs using Guid(f64115776825c9740ace9db4bf8ec91e) Importer(815301076,1909f56bfc062723c751e8b465ee728b)  -> (artifact id: '5f64739fc628de7322f8484389e38e61') in 0.008412 seconds
  Import took 0.012492 seconds .

========================================================================
Received Import Request.
  Time since last request: 0.023213 seconds.
  path: Assets/Scripts/MainMenu.cs
  artifactKey: Guid(f64115776825c9740ace9db4bf8ec91e) Importer(815301076,1909f56bfc062723c751e8b465ee728b)
Start importing Assets/Scripts/MainMenu.cs using Guid(f64115776825c9740ace9db4bf8ec91e) Importer(815301076,1909f56bfc062723c751e8b465ee728b)  -> (artifact id: '5f64739fc628de7322f8484389e38e61') in 0.001647 seconds
  Import took 0.005522 seconds .

========================================================================
Received Import Request.
  Time since last request: 7.469318 seconds.
  path: Assets/Scenes/MainMenu.unity
  artifactKey: Guid(2cda990e2423bbf4892e6590ba056729) Importer(815301076,1909f56bfc062723c751e8b465ee728b)
Start importing Assets/Scenes/MainMenu.unity using Guid(2cda990e2423bbf4892e6590ba056729) Importer(815301076,1909f56bfc062723c751e8b465ee728b)  -> (artifact id: 'e0fc0babb61df85a271133a53cfbf658') in 0.012639 seconds
  Import took 0.016235 seconds .

========================================================================
Received Import Request.
  Time since last request: 7.136787 seconds.
  path: Assets/Cards
  artifactKey: Guid(d5d2513f056fe4b48939b1ed954670bb) Importer(815301076,1909f56bfc062723c751e8b465ee728b)
Start importing Assets/Cards using Guid(d5d2513f056fe4b48939b1ed954670bb) Importer(815301076,1909f56bfc062723c751e8b465ee728b)  -> (artifact id: 'd8e0dd5374e52225e0bd8efa248e6244') in 0.007372 seconds
  Import took 0.011557 seconds .

========================================================================
Received Import Request.
  Time since last request: 9.684215 seconds.
  path: Assets/Scenes/Hosting.unity
  artifactKey: Guid(f8b5ae4558ada144893703e98bea52f7) Importer(815301076,1909f56bfc062723c751e8b465ee728b)
Start importing Assets/Scenes/Hosting.unity using Guid(f8b5ae4558ada144893703e98bea52f7) Importer(815301076,1909f56bfc062723c751e8b465ee728b)  -> (artifact id: '9432c636be5763d667055343f4ec6033') in 0.003354 seconds
  Import took 0.007979 seconds .

========================================================================
Received Prepare
Registering precompiled user dll's ...
Registered in 0.002597 seconds.
Begin MonoManager ReloadAssembly
Native extension for WindowsStandalone target not found
Native extension for WebGL target not found
Refreshing native plugins compatible for Editor in 0.54 ms, found 1 plugins.
Preloading 0 native plugins for Editor in 0.00 ms.
Invoked RoslynAnalysisRunner static constructor.
RoslynAnalysisRunner will not be running.
RoslynAnalysisRunner has terminated.
Mono: successfully reloaded assembly
- Completed reload, in  0.849 seconds
Platform modules already initialized, skipping
Refreshing native plugins compatible for Editor in 0.51 ms, found 1 plugins.
Preloading 0 native plugins for Editor in 0.00 ms.
Unloading 2060 Unused Serialized files (Serialized files now loaded: 0)
System memory in use before: 96.5 MB.
System memory in use after: 96.6 MB.

Unloading 12 unused Assets to reduce memory usage. Loaded Objects now: 2598.
Total: 3.010600 ms (FindLiveObjects: 0.226700 ms CreateObjectMapping: 0.067100 ms MarkObjects: 2.697300 ms  DeleteObjects: 0.018200 ms)

========================================================================
Received Prepare
Registering precompiled user dll's ...
Registered in 0.001921 seconds.
Begin MonoManager ReloadAssembly
Native extension for WindowsStandalone target not found
Native extension for WebGL target not found
Refreshing native plugins compatible for Editor in 0.48 ms, found 1 plugins.
Preloading 0 native plugins for Editor in 0.00 ms.
Invoked RoslynAnalysisRunner static constructor.
RoslynAnalysisRunner will not be running.
RoslynAnalysisRunner has terminated.
Mono: successfully reloaded assembly
- Completed reload, in  0.807 seconds
Platform modules already initialized, skipping
Refreshing native plugins compatible for Editor in 0.45 ms, found 1 plugins.
Preloading 0 native plugins for Editor in 0.00 ms.
Unloading 2060 Unused Serialized files (Serialized files now loaded: 0)
System memory in use before: 96.5 MB.
System memory in use after: 96.6 MB.

Unloading 12 unused Assets to reduce memory usage. Loaded Objects now: 2601.
Total: 3.108500 ms (FindLiveObjects: 0.352800 ms CreateObjectMapping: 0.114900 ms MarkObjects: 2.619700 ms  DeleteObjects: 0.019500 ms)

========================================================================
Received Prepare
Registering precompiled user dll's ...
Registered in 0.001956 seconds.
Begin MonoManager ReloadAssembly
Native extension for WindowsStandalone target not found
Native extension for WebGL target not found
Refreshing native plugins compatible for Editor in 0.48 ms, found 1 plugins.
Preloading 0 native plugins for Editor in 0.00 ms.
Invoked RoslynAnalysisRunner static constructor.
RoslynAnalysisRunner will not be running.
RoslynAnalysisRunner has terminated.
Mono: successfully reloaded assembly
- Completed reload, in  0.887 seconds
Platform modules already initialized, skipping
Refreshing native plugins compatible for Editor in 0.45 ms, found 1 plugins.
Preloading 0 native plugins for Editor in 0.00 ms.
Unloading 2060 Unused Serialized files (Serialized files now loaded: 0)
System memory in use before: 96.5 MB.
System memory in use after: 96.7 MB.

Unloading 12 unused Assets to reduce memory usage. Loaded Objects now: 2604.
Total: 2.290600 ms (FindLiveObjects: 0.229700 ms CreateObjectMapping: 0.096000 ms MarkObjects: 1.946700 ms  DeleteObjects: 0.017300 ms)

========================================================================
Received Prepare
Registering precompiled user dll's ...
Registered in 0.002020 seconds.
Begin MonoManager ReloadAssembly
Native extension for WindowsStandalone target not found
Native extension for WebGL target not found
Refreshing native plugins compatible for Editor in 0.58 ms, found 1 plugins.
Preloading 0 native plugins for Editor in 0.00 ms.
Invoked RoslynAnalysisRunner static constructor.
RoslynAnalysisRunner will not be running.
RoslynAnalysisRunner has terminated.
Mono: successfully reloaded assembly
- Completed reload, in  1.389 seconds
Platform modules already initialized, skipping
Refreshing native plugins compatible for Editor in 0.83 ms, found 1 plugins.
Preloading 0 native plugins for Editor in 0.00 ms.
Unloading 2060 Unused Serialized files (Serialized files now loaded: 0)
System memory in use before: 96.5 MB.
System memory in use after: 96.7 MB.

Unloading 12 unused Assets to reduce memory usage. Loaded Objects now: 2607.
Total: 2.570100 ms (FindLiveObjects: 0.230100 ms CreateObjectMapping: 0.103200 ms MarkObjects: 2.211800 ms  DeleteObjects: 0.023500 ms)

========================================================================
Received Prepare
Registering precompiled user dll's ...
Registered in 0.002599 seconds.
Begin MonoManager ReloadAssembly
Native extension for WindowsStandalone target not found
Native extension for WebGL target not found
Refreshing native plugins compatible for Editor in 0.58 ms, found 1 plugins.
Preloading 0 native plugins for Editor in 0.00 ms.
Invoked RoslynAnalysisRunner static constructor.
RoslynAnalysisRunner will not be running.
RoslynAnalysisRunner has terminated.
Mono: successfully reloaded assembly
- Completed reload, in  1.279 seconds
Platform modules already initialized, skipping
Refreshing native plugins compatible for Editor in 0.52 ms, found 1 plugins.
Preloading 0 native plugins for Editor in 0.00 ms.
Unloading 2060 Unused Serialized files (Serialized files now loaded: 0)
System memory in use before: 96.6 MB.
System memory in use after: 96.7 MB.

Unloading 12 unused Assets to reduce memory usage. Loaded Objects now: 2610.
Total: 2.987500 ms (FindLiveObjects: 0.266500 ms CreateObjectMapping: 0.093900 ms MarkObjects: 2.603400 ms  DeleteObjects: 0.022200 ms)

========================================================================
Received Prepare
Registering precompiled user dll's ...
Registered in 0.001912 seconds.
Begin MonoManager ReloadAssembly
Native extension for WindowsStandalone target not found
Native extension for WebGL target not found
Refreshing native plugins compatible for Editor in 0.42 ms, found 1 plugins.
Preloading 0 native plugins for Editor in 0.00 ms.
Invoked RoslynAnalysisRunner static constructor.
RoslynAnalysisRunner will not be running.
RoslynAnalysisRunner has terminated.
Mono: successfully reloaded assembly
- Completed reload, in  1.009 seconds
Platform modules already initialized, skipping
Refreshing native plugins compatible for Editor in 0.64 ms, found 1 plugins.
Preloading 0 native plugins for Editor in 0.00 ms.
Unloading 2060 Unused Serialized files (Serialized files now loaded: 0)
System memory in use before: 96.6 MB.
System memory in use after: 96.7 MB.

Unloading 12 unused Assets to reduce memory usage. Loaded Objects now: 2613.
Total: 2.900800 ms (FindLiveObjects: 0.340300 ms CreateObjectMapping: 0.134300 ms MarkObjects: 2.403900 ms  DeleteObjects: 0.020700 ms)

========================================================================
Received Prepare
Registering precompiled user dll's ...
Registered in 0.001972 seconds.
Begin MonoManager ReloadAssembly
Native extension for WindowsStandalone target not found
Native extension for WebGL target not found
Refreshing native plugins compatible for Editor in 0.55 ms, found 1 plugins.
Preloading 0 native plugins for Editor in 0.00 ms.
Invoked RoslynAnalysisRunner static constructor.
RoslynAnalysisRunner will not be running.
RoslynAnalysisRunner has terminated.
Mono: successfully reloaded assembly
- Completed reload, in  1.022 seconds
Platform modules already initialized, skipping
Refreshing native plugins compatible for Editor in 0.54 ms, found 1 plugins.
Preloading 0 native plugins for Editor in 0.00 ms.
Unloading 2060 Unused Serialized files (Serialized files now loaded: 0)
System memory in use before: 96.6 MB.
System memory in use after: 96.7 MB.

Unloading 12 unused Assets to reduce memory usage. Loaded Objects now: 2616.
Total: 2.364900 ms (FindLiveObjects: 0.220700 ms CreateObjectMapping: 0.086100 ms MarkObjects: 2.036900 ms  DeleteObjects: 0.019800 ms)

========================================================================
Received Prepare
Refreshing native plugins compatible for Editor in 3.17 ms, found 1 plugins.
Preloading 0 native plugins for Editor in 0.00 ms.
Unloading 10 Unused Serialized files (Serialized files now loaded: 0)
System memory in use before: 56.1 MB.
System memory in use after: 56.2 MB.

Unloading 9 unused Assets to reduce memory usage. Loaded Objects now: 2616.
Total: 3.215200 ms (FindLiveObjects: 0.319800 ms CreateObjectMapping: 0.099200 ms MarkObjects: 2.775400 ms  DeleteObjects: 0.019600 ms)

========================================================================
Received Prepare
Registering precompiled user dll's ...
Registered in 0.005737 seconds.
Begin MonoManager ReloadAssembly
Native extension for WindowsStandalone target not found
Native extension for WebGL target not found
Refreshing native plugins compatible for Editor in 1.15 ms, found 1 plugins.
Preloading 0 native plugins for Editor in 0.00 ms.
Invoked RoslynAnalysisRunner static constructor.
RoslynAnalysisRunner will not be running.
RoslynAnalysisRunner has terminated.
Mono: successfully reloaded assembly
- Completed reload, in  3.678 seconds
Platform modules already initialized, skipping
Refreshing native plugins compatible for Editor in 2.08 ms, found 1 plugins.
Preloading 0 native plugins for Editor in 0.00 ms.
Unloading 2060 Unused Serialized files (Serialized files now loaded: 0)
System memory in use before: 96.6 MB.
System memory in use after: 96.7 MB.

Unloading 12 unused Assets to reduce memory usage. Loaded Objects now: 2619.
Total: 7.830400 ms (FindLiveObjects: 0.836900 ms CreateObjectMapping: 0.400100 ms MarkObjects: 6.540900 ms  DeleteObjects: 0.047700 ms)

========================================================================
Received Prepare
Registering precompiled user dll's ...
Registered in 0.003270 seconds.
Begin MonoManager ReloadAssembly
Native extension for WindowsStandalone target not found
Native extension for WebGL target not found
Refreshing native plugins compatible for Editor in 0.59 ms, found 1 plugins.
Preloading 0 native plugins for Editor in 0.00 ms.
Invoked RoslynAnalysisRunner static constructor.
RoslynAnalysisRunner will not be running.
RoslynAnalysisRunner has terminated.
Mono: successfully reloaded assembly
- Completed reload, in  1.711 seconds
Platform modules already initialized, skipping
Refreshing native plugins compatible for Editor in 1.02 ms, found 1 plugins.
Preloading 0 native plugins for Editor in 0.00 ms.
Unloading 2060 Unused Serialized files (Serialized files now loaded: 0)
System memory in use before: 96.6 MB.
System memory in use after: 96.7 MB.

Unloading 12 unused Assets to reduce memory usage. Loaded Objects now: 2622.
Total: 4.114200 ms (FindLiveObjects: 0.259300 ms CreateObjectMapping: 0.107800 ms MarkObjects: 3.701000 ms  DeleteObjects: 0.042500 ms)

========================================================================
Received Prepare
Registering precompiled user dll's ...
Registered in 0.006544 seconds.
Begin MonoManager ReloadAssembly
Native extension for WindowsStandalone target not found
Native extension for WebGL target not found
Refreshing native plugins compatible for Editor in 1.34 ms, found 1 plugins.
Preloading 0 native plugins for Editor in 0.00 ms.
Invoked RoslynAnalysisRunner static constructor.
RoslynAnalysisRunner will not be running.
RoslynAnalysisRunner has terminated.
Mono: successfully reloaded assembly
- Completed reload, in  3.567 seconds
Platform modules already initialized, skipping
Refreshing native plugins compatible for Editor in 1.54 ms, found 1 plugins.
Preloading 0 native plugins for Editor in 0.00 ms.
Unloading 2060 Unused Serialized files (Serialized files now loaded: 0)
System memory in use before: 96.6 MB.
System memory in use after: 96.7 MB.

Unloading 12 unused Assets to reduce memory usage. Loaded Objects now: 2625.
Total: 7.475300 ms (FindLiveObjects: 0.773800 ms CreateObjectMapping: 0.375900 ms MarkObjects: 6.274600 ms  DeleteObjects: 0.046800 ms)

========================================================================
Received Import Request.
  Time since last request: 1201.880115 seconds.
  path: Assets/Prefabs
  artifactKey: Guid(2bb423f25f83596409bcf52d13f83be5) Importer(815301076,1909f56bfc062723c751e8b465ee728b)
Start importing Assets/Prefabs using Guid(2bb423f25f83596409bcf52d13f83be5) Importer(815301076,1909f56bfc062723c751e8b465ee728b)  -> (artifact id: '04956076cd85536f55bf962df5f8b882') in 0.013081 seconds
  Import took 0.017469 seconds .

========================================================================
Received Import Request.
  Time since last request: 3.702320 seconds.
  path: Assets/Scenes/Hosting.unity
  artifactKey: Guid(f8b5ae4558ada144893703e98bea52f7) Importer(815301076,1909f56bfc062723c751e8b465ee728b)
Start importing Assets/Scenes/Hosting.unity using Guid(f8b5ae4558ada144893703e98bea52f7) Importer(815301076,1909f56bfc062723c751e8b465ee728b)  -> (artifact id: '512a7369bbc7c370f49136a0fcc7115e') in 0.016495 seconds
  Import took 0.021898 seconds .

========================================================================
Received Import Request.
  Time since last request: 53.208424 seconds.
  path: Assets/Scenes/MainMenu.unity
  artifactKey: Guid(2cda990e2423bbf4892e6590ba056729) Importer(815301076,1909f56bfc062723c751e8b465ee728b)
Start importing Assets/Scenes/MainMenu.unity using Guid(2cda990e2423bbf4892e6590ba056729) Importer(815301076,1909f56bfc062723c751e8b465ee728b)  -> (artifact id: 'b3bf1905ab8c46188583adafb36f95b6') in 0.005917 seconds
  Import took 0.009941 seconds .

========================================================================
Received Prepare
Refreshing native plugins compatible for Editor in 3.82 ms, found 1 plugins.
Preloading 0 native plugins for Editor in 0.00 ms.
Unloading 10 Unused Serialized files (Serialized files now loaded: 0)
System memory in use before: 56.1 MB.
System memory in use after: 56.3 MB.

Unloading 9 unused Assets to reduce memory usage. Loaded Objects now: 2625.
Total: 4.419500 ms (FindLiveObjects: 0.482400 ms CreateObjectMapping: 0.215600 ms MarkObjects: 3.685500 ms  DeleteObjects: 0.033900 ms)

========================================================================
Received Prepare
Registering precompiled user dll's ...
Registered in 0.002726 seconds.
Begin MonoManager ReloadAssembly
Native extension for WindowsStandalone target not found
Native extension for WebGL target not found
Refreshing native plugins compatible for Editor in 0.72 ms, found 1 plugins.
Preloading 0 native plugins for Editor in 0.00 ms.
Invoked RoslynAnalysisRunner static constructor.
RoslynAnalysisRunner will not be running.
RoslynAnalysisRunner has terminated.
Mono: successfully reloaded assembly
- Completed reload, in  1.717 seconds
Platform modules already initialized, skipping
Refreshing native plugins compatible for Editor in 0.60 ms, found 1 plugins.
Preloading 0 native plugins for Editor in 0.00 ms.
Unloading 2060 Unused Serialized files (Serialized files now loaded: 0)
System memory in use before: 96.6 MB.
System memory in use after: 96.7 MB.

Unloading 12 unused Assets to reduce memory usage. Loaded Objects now: 2628.
Total: 3.556700 ms (FindLiveObjects: 0.320600 ms CreateObjectMapping: 0.138600 ms MarkObjects: 3.067000 ms  DeleteObjects: 0.028700 ms)

========================================================================
Received Prepare
Registering precompiled user dll's ...
Registered in 0.004117 seconds.
Begin MonoManager ReloadAssembly
Native extension for WindowsStandalone target not found
Native extension for WebGL target not found
Refreshing native plugins compatible for Editor in 0.54 ms, found 1 plugins.
Preloading 0 native plugins for Editor in 0.00 ms.
Invoked RoslynAnalysisRunner static constructor.
RoslynAnalysisRunner will not be running.
RoslynAnalysisRunner has terminated.
Mono: successfully reloaded assembly
- Completed reload, in  1.428 seconds
Platform modules already initialized, skipping
Refreshing native plugins compatible for Editor in 0.53 ms, found 1 plugins.
Preloading 0 native plugins for Editor in 0.00 ms.
Unloading 2060 Unused Serialized files (Serialized files now loaded: 0)
System memory in use before: 96.6 MB.
System memory in use after: 96.8 MB.

Unloading 12 unused Assets to reduce memory usage. Loaded Objects now: 2631.
Total: 4.054100 ms (FindLiveObjects: 0.268500 ms CreateObjectMapping: 0.109700 ms MarkObjects: 3.632500 ms  DeleteObjects: 0.040700 ms)

========================================================================
Received Prepare
Registering precompiled user dll's ...
Registered in 0.005573 seconds.
Begin MonoManager ReloadAssembly
Native extension for WindowsStandalone target not found
Native extension for WebGL target not found
Refreshing native plugins compatible for Editor in 0.59 ms, found 1 plugins.
Preloading 0 native plugins for Editor in 0.00 ms.
Invoked RoslynAnalysisRunner static constructor.
RoslynAnalysisRunner will not be running.
RoslynAnalysisRunner has terminated.
Mono: successfully reloaded assembly
- Completed reload, in  1.432 seconds
Platform modules already initialized, skipping
Refreshing native plugins compatible for Editor in 0.52 ms, found 1 plugins.
Preloading 0 native plugins for Editor in 0.00 ms.
Unloading 2060 Unused Serialized files (Serialized files now loaded: 0)
System memory in use before: 96.6 MB.
System memory in use after: 96.8 MB.

Unloading 12 unused Assets to reduce memory usage. Loaded Objects now: 2634.
Total: 2.542300 ms (FindLiveObjects: 0.275600 ms CreateObjectMapping: 0.102600 ms MarkObjects: 2.140800 ms  DeleteObjects: 0.021800 ms)

========================================================================
Received Prepare
Registering precompiled user dll's ...
Registered in 0.002976 seconds.
Begin MonoManager ReloadAssembly
Native extension for WindowsStandalone target not found
Native extension for WebGL target not found
Refreshing native plugins compatible for Editor in 0.52 ms, found 1 plugins.
Preloading 0 native plugins for Editor in 0.00 ms.
Invoked RoslynAnalysisRunner static constructor.
RoslynAnalysisRunner will not be running.
RoslynAnalysisRunner has terminated.
Mono: successfully reloaded assembly
- Completed reload, in  1.298 seconds
Platform modules already initialized, skipping
Refreshing native plugins compatible for Editor in 0.51 ms, found 1 plugins.
Preloading 0 native plugins for Editor in 0.00 ms.
Unloading 2060 Unused Serialized files (Serialized files now loaded: 0)
System memory in use before: 96.7 MB.
System memory in use after: 96.8 MB.

Unloading 12 unused Assets to reduce memory usage. Loaded Objects now: 2637.
Total: 3.162000 ms (FindLiveObjects: 0.335800 ms CreateObjectMapping: 0.093200 ms MarkObjects: 2.670200 ms  DeleteObjects: 0.061100 ms)

========================================================================
Received Prepare
Refreshing native plugins compatible for Editor in 6.70 ms, found 1 plugins.
Preloading 0 native plugins for Editor in 0.00 ms.
Unloading 10 Unused Serialized files (Serialized files now loaded: 0)
System memory in use before: 56.2 MB.
System memory in use after: 56.3 MB.

Unloading 9 unused Assets to reduce memory usage. Loaded Objects now: 2637.
Total: 4.645100 ms (FindLiveObjects: 0.425300 ms CreateObjectMapping: 0.220700 ms MarkObjects: 3.949600 ms  DeleteObjects: 0.046500 ms)

========================================================================
Received Prepare
Registering precompiled user dll's ...
Registered in 0.004154 seconds.
Begin MonoManager ReloadAssembly
Native extension for WindowsStandalone target not found
Native extension for WebGL target not found
Refreshing native plugins compatible for Editor in 0.65 ms, found 1 plugins.
Preloading 0 native plugins for Editor in 0.00 ms.
Invoked RoslynAnalysisRunner static constructor.
RoslynAnalysisRunner will not be running.
RoslynAnalysisRunner has terminated.
Mono: successfully reloaded assembly
- Completed reload, in  1.650 seconds
Platform modules already initialized, skipping
Refreshing native plugins compatible for Editor in 0.70 ms, found 1 plugins.
Preloading 0 native plugins for Editor in 0.00 ms.
Unloading 2060 Unused Serialized files (Serialized files now loaded: 0)
System memory in use before: 96.7 MB.
System memory in use after: 96.8 MB.

Unloading 12 unused Assets to reduce memory usage. Loaded Objects now: 2640.
Total: 3.535900 ms (FindLiveObjects: 0.297900 ms CreateObjectMapping: 0.142300 ms MarkObjects: 3.065400 ms  DeleteObjects: 0.028700 ms)

========================================================================
Received Prepare
Registering precompiled user dll's ...
Registered in 0.002984 seconds.
Begin MonoManager ReloadAssembly
Native extension for WindowsStandalone target not found
Native extension for WebGL target not found
Refreshing native plugins compatible for Editor in 0.59 ms, found 1 plugins.
Preloading 0 native plugins for Editor in 0.00 ms.
Invoked RoslynAnalysisRunner static constructor.
RoslynAnalysisRunner will not be running.
RoslynAnalysisRunner has terminated.
Mono: successfully reloaded assembly
- Completed reload, in  1.581 seconds
Platform modules already initialized, skipping
Refreshing native plugins compatible for Editor in 0.61 ms, found 1 plugins.
Preloading 0 native plugins for Editor in 0.00 ms.
Unloading 2060 Unused Serialized files (Serialized files now loaded: 0)
System memory in use before: 96.7 MB.
System memory in use after: 96.8 MB.

Unloading 12 unused Assets to reduce memory usage. Loaded Objects now: 2643.
Total: 3.507600 ms (FindLiveObjects: 0.641800 ms CreateObjectMapping: 0.312600 ms MarkObjects: 2.521500 ms  DeleteObjects: 0.027700 ms)

========================================================================
Received Prepare
Registering precompiled user dll's ...
Registered in 0.002797 seconds.
Begin MonoManager ReloadAssembly
Native extension for WindowsStandalone target not found
Native extension for WebGL target not found
Refreshing native plugins compatible for Editor in 0.56 ms, found 1 plugins.
Preloading 0 native plugins for Editor in 0.00 ms.
Invoked RoslynAnalysisRunner static constructor.
RoslynAnalysisRunner will not be running.
RoslynAnalysisRunner has terminated.
Mono: successfully reloaded assembly
- Completed reload, in  1.323 seconds
Platform modules already initialized, skipping
Refreshing native plugins compatible for Editor in 0.60 ms, found 1 plugins.
Preloading 0 native plugins for Editor in 0.00 ms.
Unloading 2060 Unused Serialized files (Serialized files now loaded: 0)
System memory in use before: 96.7 MB.
System memory in use after: 96.8 MB.

Unloading 12 unused Assets to reduce memory usage. Loaded Objects now: 2646.
Total: 2.929500 ms (FindLiveObjects: 0.299400 ms CreateObjectMapping: 0.143000 ms MarkObjects: 2.459400 ms  DeleteObjects: 0.026500 ms)

========================================================================
Received Prepare
Refreshing native plugins compatible for Editor in 2.41 ms, found 1 plugins.
Preloading 0 native plugins for Editor in 0.00 ms.
Unloading 10 Unused Serialized files (Serialized files now loaded: 0)
System memory in use before: 56.2 MB.
System memory in use after: 56.3 MB.

Unloading 9 unused Assets to reduce memory usage. Loaded Objects now: 2646.
Total: 3.329100 ms (FindLiveObjects: 0.310900 ms CreateObjectMapping: 0.116400 ms MarkObjects: 2.879600 ms  DeleteObjects: 0.020800 ms)

========================================================================
Received Prepare
Registering precompiled user dll's ...
Registered in 0.005311 seconds.
Begin MonoManager ReloadAssembly
Native extension for WindowsStandalone target not found
Native extension for WebGL target not found
Refreshing native plugins compatible for Editor in 0.56 ms, found 1 plugins.
Preloading 0 native plugins for Editor in 0.00 ms.
Invoked RoslynAnalysisRunner static constructor.
RoslynAnalysisRunner will not be running.
RoslynAnalysisRunner has terminated.
Mono: successfully reloaded assembly
- Completed reload, in  1.445 seconds
Platform modules already initialized, skipping
Refreshing native plugins compatible for Editor in 0.54 ms, found 1 plugins.
Preloading 0 native plugins for Editor in 0.00 ms.
Unloading 2060 Unused Serialized files (Serialized files now loaded: 0)
System memory in use before: 96.7 MB.
System memory in use after: 96.8 MB.

Unloading 12 unused Assets to reduce memory usage. Loaded Objects now: 2649.
Total: 2.866000 ms (FindLiveObjects: 0.242700 ms CreateObjectMapping: 0.107400 ms MarkObjects: 2.487500 ms  DeleteObjects: 0.027100 ms)

========================================================================
Received Prepare
Registering precompiled user dll's ...
Registered in 0.002561 seconds.
Begin MonoManager ReloadAssembly
Native extension for WindowsStandalone target not found
Native extension for WebGL target not found
Refreshing native plugins compatible for Editor in 0.53 ms, found 1 plugins.
Preloading 0 native plugins for Editor in 0.00 ms.
Invoked RoslynAnalysisRunner static constructor.
RoslynAnalysisRunner will not be running.
RoslynAnalysisRunner has terminated.
Mono: successfully reloaded assembly
- Completed reload, in  1.223 seconds
Platform modules already initialized, skipping
Refreshing native plugins compatible for Editor in 0.49 ms, found 1 plugins.
Preloading 0 native plugins for Editor in 0.00 ms.
Unloading 2060 Unused Serialized files (Serialized files now loaded: 0)
System memory in use before: 96.7 MB.
System memory in use after: 96.8 MB.

Unloading 12 unused Assets to reduce memory usage. Loaded Objects now: 2652.
Total: 2.627500 ms (FindLiveObjects: 0.230500 ms CreateObjectMapping: 0.094600 ms MarkObjects: 2.279200 ms  DeleteObjects: 0.021900 ms)

========================================================================
Received Prepare
Registering precompiled user dll's ...
Registered in 0.002488 seconds.
Begin MonoManager ReloadAssembly
Native extension for WindowsStandalone target not found
Native extension for WebGL target not found
Refreshing native plugins compatible for Editor in 0.54 ms, found 1 plugins.
Preloading 0 native plugins for Editor in 0.00 ms.
Invoked RoslynAnalysisRunner static constructor.
RoslynAnalysisRunner will not be running.
RoslynAnalysisRunner has terminated.
Mono: successfully reloaded assembly
- Completed reload, in  1.268 seconds
Platform modules already initialized, skipping
Refreshing native plugins compatible for Editor in 0.53 ms, found 1 plugins.
Preloading 0 native plugins for Editor in 0.00 ms.
Unloading 2060 Unused Serialized files (Serialized files now loaded: 0)
System memory in use before: 96.7 MB.
System memory in use after: 96.8 MB.

Unloading 12 unused Assets to reduce memory usage. Loaded Objects now: 2655.
Total: 2.548400 ms (FindLiveObjects: 0.236300 ms CreateObjectMapping: 0.132800 ms MarkObjects: 2.155700 ms  DeleteObjects: 0.022100 ms)

========================================================================
Received Prepare
Refreshing native plugins compatible for Editor in 3.18 ms, found 1 plugins.
Preloading 0 native plugins for Editor in 0.00 ms.
Unloading 10 Unused Serialized files (Serialized files now loaded: 0)
System memory in use before: 56.2 MB.
System memory in use after: 56.3 MB.

Unloading 9 unused Assets to reduce memory usage. Loaded Objects now: 2655.
Total: 3.268800 ms (FindLiveObjects: 0.298900 ms CreateObjectMapping: 0.123000 ms MarkObjects: 2.823100 ms  DeleteObjects: 0.022200 ms)

========================================================================
Received Prepare
Registering precompiled user dll's ...
Registered in 0.006562 seconds.
Begin MonoManager ReloadAssembly
Native extension for WindowsStandalone target not found
Native extension for WebGL target not found
Refreshing native plugins compatible for Editor in 1.67 ms, found 1 plugins.
Preloading 0 native plugins for Editor in 0.00 ms.
Invoked RoslynAnalysisRunner static constructor.
RoslynAnalysisRunner will not be running.
RoslynAnalysisRunner has terminated.
Mono: successfully reloaded assembly
- Completed reload, in  3.184 seconds
Platform modules already initialized, skipping
Refreshing native plugins compatible for Editor in 1.81 ms, found 1 plugins.
Preloading 0 native plugins for Editor in 0.00 ms.
Unloading 2060 Unused Serialized files (Serialized files now loaded: 0)
System memory in use before: 96.7 MB.
System memory in use after: 96.8 MB.

Unloading 12 unused Assets to reduce memory usage. Loaded Objects now: 2658.
Total: 5.324500 ms (FindLiveObjects: 0.510400 ms CreateObjectMapping: 0.318600 ms MarkObjects: 4.408000 ms  DeleteObjects: 0.082200 ms)

========================================================================
Received Prepare
Registering precompiled user dll's ...
Registered in 0.002436 seconds.
Begin MonoManager ReloadAssembly
Native extension for WindowsStandalone target not found
Native extension for WebGL target not found
Refreshing native plugins compatible for Editor in 0.53 ms, found 1 plugins.
Preloading 0 native plugins for Editor in 0.00 ms.
Invoked RoslynAnalysisRunner static constructor.
RoslynAnalysisRunner will not be running.
RoslynAnalysisRunner has terminated.
Mono: successfully reloaded assembly
- Completed reload, in  1.180 seconds
Platform modules already initialized, skipping
Refreshing native plugins compatible for Editor in 0.51 ms, found 1 plugins.
Preloading 0 native plugins for Editor in 0.00 ms.
Unloading 2060 Unused Serialized files (Serialized files now loaded: 0)
System memory in use before: 96.7 MB.
System memory in use after: 96.8 MB.

Unloading 12 unused Assets to reduce memory usage. Loaded Objects now: 2661.
Total: 2.635900 ms (FindLiveObjects: 0.238300 ms CreateObjectMapping: 0.091100 ms MarkObjects: 2.282600 ms  DeleteObjects: 0.022600 ms)

========================================================================
Received Prepare
Refreshing native plugins compatible for Editor in 2.50 ms, found 1 plugins.
Preloading 0 native plugins for Editor in 0.00 ms.
Unloading 10 Unused Serialized files (Serialized files now loaded: 0)
System memory in use before: 56.2 MB.
System memory in use after: 56.4 MB.

Unloading 9 unused Assets to reduce memory usage. Loaded Objects now: 2661.
Total: 2.824500 ms (FindLiveObjects: 0.234700 ms CreateObjectMapping: 0.098800 ms MarkObjects: 2.468900 ms  DeleteObjects: 0.020700 ms)

========================================================================
Received Prepare
Registering precompiled user dll's ...
Registered in 0.007223 seconds.
Begin MonoManager ReloadAssembly
Native extension for WindowsStandalone target not found
Native extension for WebGL target not found
Refreshing native plugins compatible for Editor in 1.97 ms, found 1 plugins.
Preloading 0 native plugins for Editor in 0.00 ms.
Invoked RoslynAnalysisRunner static constructor.
RoslynAnalysisRunner will not be running.
RoslynAnalysisRunner has terminated.
Mono: successfully reloaded assembly
- Completed reload, in  3.750 seconds
Platform modules already initialized, skipping
Refreshing native plugins compatible for Editor in 1.47 ms, found 1 plugins.
Preloading 0 native plugins for Editor in 0.00 ms.
Unloading 2060 Unused Serialized files (Serialized files now loaded: 0)
System memory in use before: 96.7 MB.
System memory in use after: 96.9 MB.

Unloading 12 unused Assets to reduce memory usage. Loaded Objects now: 2664.
Total: 6.333800 ms (FindLiveObjects: 0.586200 ms CreateObjectMapping: 0.290100 ms MarkObjects: 5.411600 ms  DeleteObjects: 0.041500 ms)

========================================================================
Received Prepare
Registering precompiled user dll's ...
Registered in 0.003993 seconds.
Begin MonoManager ReloadAssembly
Native extension for WindowsStandalone target not found
Native extension for WebGL target not found
Refreshing native plugins compatible for Editor in 0.55 ms, found 1 plugins.
Preloading 0 native plugins for Editor in 0.00 ms.
Invoked RoslynAnalysisRunner static constructor.
RoslynAnalysisRunner will not be running.
RoslynAnalysisRunner has terminated.
Mono: successfully reloaded assembly
- Completed reload, in  1.285 seconds
Platform modules already initialized, skipping
Refreshing native plugins compatible for Editor in 0.51 ms, found 1 plugins.
Preloading 0 native plugins for Editor in 0.00 ms.
Unloading 2060 Unused Serialized files (Serialized files now loaded: 0)
System memory in use before: 96.7 MB.
System memory in use after: 96.9 MB.

Unloading 12 unused Assets to reduce memory usage. Loaded Objects now: 2667.
Total: 2.841400 ms (FindLiveObjects: 0.338800 ms CreateObjectMapping: 0.097800 ms MarkObjects: 2.377700 ms  DeleteObjects: 0.025100 ms)

========================================================================
Received Prepare
Refreshing native plugins compatible for Editor in 2.87 ms, found 1 plugins.
Preloading 0 native plugins for Editor in 0.00 ms.
Unloading 10 Unused Serialized files (Serialized files now loaded: 0)
System memory in use before: 56.3 MB.
System memory in use after: 56.4 MB.

Unloading 9 unused Assets to reduce memory usage. Loaded Objects now: 2667.
Total: 2.831100 ms (FindLiveObjects: 0.242500 ms CreateObjectMapping: 0.103200 ms MarkObjects: 2.462800 ms  DeleteObjects: 0.020800 ms)

========================================================================
Received Prepare
Registering precompiled user dll's ...
Registered in 0.008500 seconds.
Begin MonoManager ReloadAssembly
Native extension for WindowsStandalone target not found
Native extension for WebGL target not found
Refreshing native plugins compatible for Editor in 1.42 ms, found 1 plugins.
Preloading 0 native plugins for Editor in 0.00 ms.
Invoked RoslynAnalysisRunner static constructor.
RoslynAnalysisRunner will not be running.
RoslynAnalysisRunner has terminated.
Mono: successfully reloaded assembly
- Completed reload, in  4.389 seconds
Platform modules already initialized, skipping
Refreshing native plugins compatible for Editor in 1.77 ms, found 1 plugins.
Preloading 0 native plugins for Editor in 0.00 ms.
Unloading 2060 Unused Serialized files (Serialized files now loaded: 0)
System memory in use before: 96.8 MB.
System memory in use after: 96.9 MB.

Unloading 12 unused Assets to reduce memory usage. Loaded Objects now: 2670.
Total: 7.473200 ms (FindLiveObjects: 0.712800 ms CreateObjectMapping: 0.465900 ms MarkObjects: 6.205800 ms  DeleteObjects: 0.083900 ms)

========================================================================
Received Prepare
Registering precompiled user dll's ...
Registered in 0.004575 seconds.
Begin MonoManager ReloadAssembly
Native extension for WindowsStandalone target not found
Native extension for WebGL target not found
Refreshing native plugins compatible for Editor in 0.60 ms, found 1 plugins.
Preloading 0 native plugins for Editor in 0.00 ms.
Invoked RoslynAnalysisRunner static constructor.
RoslynAnalysisRunner will not be running.
RoslynAnalysisRunner has terminated.
Mono: successfully reloaded assembly
- Completed reload, in  1.792 seconds
Platform modules already initialized, skipping
Refreshing native plugins compatible for Editor in 0.67 ms, found 1 plugins.
Preloading 0 native plugins for Editor in 0.00 ms.
Unloading 2060 Unused Serialized files (Serialized files now loaded: 0)
System memory in use before: 96.8 MB.
System memory in use after: 96.9 MB.

Unloading 12 unused Assets to reduce memory usage. Loaded Objects now: 2673.
Total: 4.441400 ms (FindLiveObjects: 0.326000 ms CreateObjectMapping: 0.156300 ms MarkObjects: 3.916200 ms  DeleteObjects: 0.040700 ms)

========================================================================
Received Prepare
Registering precompiled user dll's ...
Registered in 0.002749 seconds.
Begin MonoManager ReloadAssembly
Native extension for WindowsStandalone target not found
Native extension for WebGL target not found
Refreshing native plugins compatible for Editor in 0.53 ms, found 1 plugins.
Preloading 0 native plugins for Editor in 0.00 ms.
Invoked RoslynAnalysisRunner static constructor.
RoslynAnalysisRunner will not be running.
RoslynAnalysisRunner has terminated.
Mono: successfully reloaded assembly
- Completed reload, in  1.182 seconds
Platform modules already initialized, skipping
Refreshing native plugins compatible for Editor in 0.50 ms, found 1 plugins.
Preloading 0 native plugins for Editor in 0.00 ms.
Unloading 2060 Unused Serialized files (Serialized files now loaded: 0)
System memory in use before: 96.8 MB.
System memory in use after: 96.9 MB.

Unloading 12 unused Assets to reduce memory usage. Loaded Objects now: 2676.
Total: 2.835200 ms (FindLiveObjects: 0.250100 ms CreateObjectMapping: 0.111700 ms MarkObjects: 2.449200 ms  DeleteObjects: 0.023100 ms)

========================================================================
Received Prepare
Registering precompiled user dll's ...
Registered in 0.005066 seconds.
Begin MonoManager ReloadAssembly
Native extension for WindowsStandalone target not found
Native extension for WebGL target not found
Refreshing native plugins compatible for Editor in 0.67 ms, found 1 plugins.
Preloading 0 native plugins for Editor in 0.00 ms.
Invoked RoslynAnalysisRunner static constructor.
RoslynAnalysisRunner will not be running.
RoslynAnalysisRunner has terminated.
Mono: successfully reloaded assembly
- Completed reload, in  1.794 seconds
Platform modules already initialized, skipping
Refreshing native plugins compatible for Editor in 0.60 ms, found 1 plugins.
Preloading 0 native plugins for Editor in 0.00 ms.
Unloading 2060 Unused Serialized files (Serialized files now loaded: 0)
System memory in use before: 96.8 MB.
System memory in use after: 96.9 MB.

Unloading 12 unused Assets to reduce memory usage. Loaded Objects now: 2679.
Total: 3.688500 ms (FindLiveObjects: 0.584300 ms CreateObjectMapping: 0.189600 ms MarkObjects: 2.877300 ms  DeleteObjects: 0.035600 ms)

========================================================================
Received Prepare
Registering precompiled user dll's ...
Registered in 0.004397 seconds.
Begin MonoManager ReloadAssembly
Native extension for WindowsStandalone target not found
Native extension for WebGL target not found
Refreshing native plugins compatible for Editor in 0.53 ms, found 1 plugins.
Preloading 0 native plugins for Editor in 0.00 ms.
Invoked RoslynAnalysisRunner static constructor.
RoslynAnalysisRunner will not be running.
RoslynAnalysisRunner has terminated.
Mono: successfully reloaded assembly
- Completed reload, in  1.378 seconds
Platform modules already initialized, skipping
Refreshing native plugins compatible for Editor in 0.51 ms, found 1 plugins.
Preloading 0 native plugins for Editor in 0.00 ms.
Unloading 2060 Unused Serialized files (Serialized files now loaded: 0)
System memory in use before: 96.8 MB.
System memory in use after: 96.9 MB.

Unloading 12 unused Assets to reduce memory usage. Loaded Objects now: 2682.
Total: 2.567200 ms (FindLiveObjects: 0.241300 ms CreateObjectMapping: 0.090200 ms MarkObjects: 2.205700 ms  DeleteObjects: 0.028500 ms)

========================================================================
Received Prepare
Registering precompiled user dll's ...
Registered in 0.002871 seconds.
Begin MonoManager ReloadAssembly
Native extension for WindowsStandalone target not found
Native extension for WebGL target not found
Refreshing native plugins compatible for Editor in 0.82 ms, found 1 plugins.
Preloading 0 native plugins for Editor in 0.00 ms.
Invoked RoslynAnalysisRunner static constructor.
RoslynAnalysisRunner will not be running.
RoslynAnalysisRunner has terminated.
Mono: successfully reloaded assembly
- Completed reload, in  1.406 seconds
Platform modules already initialized, skipping
Refreshing native plugins compatible for Editor in 0.54 ms, found 1 plugins.
Preloading 0 native plugins for Editor in 0.00 ms.
Unloading 2060 Unused Serialized files (Serialized files now loaded: 0)
System memory in use before: 96.8 MB.
System memory in use after: 96.9 MB.

Unloading 12 unused Assets to reduce memory usage. Loaded Objects now: 2685.
Total: 3.262500 ms (FindLiveObjects: 0.571600 ms CreateObjectMapping: 0.129200 ms MarkObjects: 2.537700 ms  DeleteObjects: 0.022800 ms)

========================================================================
Received Prepare
Refreshing native plugins compatible for Editor in 3.08 ms, found 1 plugins.
Preloading 0 native plugins for Editor in 0.00 ms.
Unloading 10 Unused Serialized files (Serialized files now loaded: 0)
System memory in use before: 56.3 MB.
System memory in use after: 56.4 MB.

Unloading 9 unused Assets to reduce memory usage. Loaded Objects now: 2685.
Total: 3.442100 ms (FindLiveObjects: 0.478200 ms CreateObjectMapping: 0.179600 ms MarkObjects: 2.754500 ms  DeleteObjects: 0.027400 ms)

========================================================================
Received Prepare
Registering precompiled user dll's ...
Registered in 0.004550 seconds.
Begin MonoManager ReloadAssembly
Native extension for WindowsStandalone target not found
Native extension for WebGL target not found
Refreshing native plugins compatible for Editor in 1.47 ms, found 1 plugins.
Preloading 0 native plugins for Editor in 0.00 ms.
Invoked RoslynAnalysisRunner static constructor.
RoslynAnalysisRunner will not be running.
RoslynAnalysisRunner has terminated.
Mono: successfully reloaded assembly
- Completed reload, in  1.553 seconds
Platform modules already initialized, skipping
Refreshing native plugins compatible for Editor in 0.54 ms, found 1 plugins.
Preloading 0 native plugins for Editor in 0.00 ms.
Unloading 2060 Unused Serialized files (Serialized files now loaded: 0)
System memory in use before: 96.8 MB.
System memory in use after: 96.9 MB.

Unloading 12 unused Assets to reduce memory usage. Loaded Objects now: 2688.
Total: 3.306500 ms (FindLiveObjects: 0.500400 ms CreateObjectMapping: 0.175500 ms MarkObjects: 2.602200 ms  DeleteObjects: 0.026300 ms)

========================================================================
Received Import Request.
  Time since last request: 2748.014317 seconds.
  path: Assets/Scenes/Hosting.unity
  artifactKey: Guid(f8b5ae4558ada144893703e98bea52f7) Importer(815301076,1909f56bfc062723c751e8b465ee728b)
Start importing Assets/Scenes/Hosting.unity using Guid(f8b5ae4558ada144893703e98bea52f7) Importer(815301076,1909f56bfc062723c751e8b465ee728b)  -> (artifact id: '7fe2f5c15accc5db262377f1d7b99be5') in 0.016772 seconds
  Import took 0.020682 seconds .

========================================================================
Received Prepare
Registering precompiled user dll's ...
Registered in 0.002676 seconds.
Begin MonoManager ReloadAssembly
Native extension for WindowsStandalone target not found
Native extension for WebGL target not found
Refreshing native plugins compatible for Editor in 0.54 ms, found 1 plugins.
Preloading 0 native plugins for Editor in 0.00 ms.
Invoked RoslynAnalysisRunner static constructor.
RoslynAnalysisRunner will not be running.
RoslynAnalysisRunner has terminated.
Mono: successfully reloaded assembly
- Completed reload, in  1.378 seconds
Platform modules already initialized, skipping
Refreshing native plugins compatible for Editor in 0.54 ms, found 1 plugins.
Preloading 0 native plugins for Editor in 0.00 ms.
Unloading 2060 Unused Serialized files (Serialized files now loaded: 0)
System memory in use before: 96.8 MB.
System memory in use after: 96.9 MB.

Unloading 12 unused Assets to reduce memory usage. Loaded Objects now: 2691.
Total: 2.626100 ms (FindLiveObjects: 0.245500 ms CreateObjectMapping: 0.095900 ms MarkObjects: 2.259700 ms  DeleteObjects: 0.023900 ms)

========================================================================
Received Prepare
Refreshing native plugins compatible for Editor in 2.82 ms, found 1 plugins.
Preloading 0 native plugins for Editor in 0.00 ms.
Unloading 10 Unused Serialized files (Serialized files now loaded: 0)
System memory in use before: 56.3 MB.
System memory in use after: 56.4 MB.

Unloading 9 unused Assets to reduce memory usage. Loaded Objects now: 2691.
Total: 3.089400 ms (FindLiveObjects: 0.295700 ms CreateObjectMapping: 0.138800 ms MarkObjects: 2.629800 ms  DeleteObjects: 0.023500 ms)

========================================================================
Received Prepare
Registering precompiled user dll's ...
Registered in 0.002241 seconds.
Begin MonoManager ReloadAssembly
Native extension for WindowsStandalone target not found
Native extension for WebGL target not found
Refreshing native plugins compatible for Editor in 0.58 ms, found 1 plugins.
Preloading 0 native plugins for Editor in 0.00 ms.
Invoked RoslynAnalysisRunner static constructor.
RoslynAnalysisRunner will not be running.
RoslynAnalysisRunner has terminated.
Mono: successfully reloaded assembly
- Completed reload, in  1.312 seconds
Platform modules already initialized, skipping
Refreshing native plugins compatible for Editor in 0.55 ms, found 1 plugins.
Preloading 0 native plugins for Editor in 0.00 ms.
Unloading 2060 Unused Serialized files (Serialized files now loaded: 0)
System memory in use before: 96.8 MB.
System memory in use after: 96.9 MB.

Unloading 12 unused Assets to reduce memory usage. Loaded Objects now: 2694.
Total: 2.772900 ms (FindLiveObjects: 0.259100 ms CreateObjectMapping: 0.098100 ms MarkObjects: 2.391000 ms  DeleteObjects: 0.023000 ms)

========================================================================
Received Import Request.
  Time since last request: 178.642349 seconds.
  path: Assets/Scenes/MainMenu.unity
  artifactKey: Guid(2cda990e2423bbf4892e6590ba056729) Importer(815301076,1909f56bfc062723c751e8b465ee728b)
Start importing Assets/Scenes/MainMenu.unity using Guid(2cda990e2423bbf4892e6590ba056729) Importer(815301076,1909f56bfc062723c751e8b465ee728b)  -> (artifact id: '06fcec09c65b84e422e2eaf8d39d4d9e') in 0.016429 seconds
  Import took 0.020938 seconds .

========================================================================
Received Prepare
Registering precompiled user dll's ...
Registered in 0.005058 seconds.
Begin MonoManager ReloadAssembly
Native extension for WindowsStandalone target not found
Native extension for WebGL target not found
Refreshing native plugins compatible for Editor in 0.95 ms, found 1 plugins.
Preloading 0 native plugins for Editor in 0.00 ms.
Invoked RoslynAnalysisRunner static constructor.
RoslynAnalysisRunner will not be running.
RoslynAnalysisRunner has terminated.
Mono: successfully reloaded assembly
- Completed reload, in  3.281 seconds
Platform modules already initialized, skipping
Refreshing native plugins compatible for Editor in 0.78 ms, found 1 plugins.
Preloading 0 native plugins for Editor in 0.00 ms.
Unloading 2060 Unused Serialized files (Serialized files now loaded: 0)
System memory in use before: 96.8 MB.
System memory in use after: 97.0 MB.

Unloading 12 unused Assets to reduce memory usage. Loaded Objects now: 2697.
Total: 5.560500 ms (FindLiveObjects: 1.041100 ms CreateObjectMapping: 0.282600 ms MarkObjects: 4.193500 ms  DeleteObjects: 0.041100 ms)

========================================================================
Received Prepare
Registering precompiled user dll's ...
Registered in 0.005231 seconds.
Begin MonoManager ReloadAssembly
Native extension for WindowsStandalone target not found
Native extension for WebGL target not found
Refreshing native plugins compatible for Editor in 0.63 ms, found 1 plugins.
Preloading 0 native plugins for Editor in 0.00 ms.
Invoked RoslynAnalysisRunner static constructor.
RoslynAnalysisRunner will not be running.
RoslynAnalysisRunner has terminated.
Mono: successfully reloaded assembly
- Completed reload, in  1.595 seconds
Platform modules already initialized, skipping
Refreshing native plugins compatible for Editor in 0.61 ms, found 1 plugins.
Preloading 0 native plugins for Editor in 0.00 ms.
Unloading 2060 Unused Serialized files (Serialized files now loaded: 0)
System memory in use before: 96.8 MB.
System memory in use after: 97.0 MB.

Unloading 12 unused Assets to reduce memory usage. Loaded Objects now: 2700.
Total: 3.227300 ms (FindLiveObjects: 0.309400 ms CreateObjectMapping: 0.129100 ms MarkObjects: 2.762200 ms  DeleteObjects: 0.025100 ms)

========================================================================
Received Prepare
Refreshing native plugins compatible for Editor in 2.46 ms, found 1 plugins.
Preloading 0 native plugins for Editor in 0.00 ms.
Unloading 10 Unused Serialized files (Serialized files now loaded: 0)
System memory in use before: 56.3 MB.
System memory in use after: 56.5 MB.

Unloading 9 unused Assets to reduce memory usage. Loaded Objects now: 2700.
Total: 2.604200 ms (FindLiveObjects: 0.230700 ms CreateObjectMapping: 0.098200 ms MarkObjects: 2.254000 ms  DeleteObjects: 0.019600 ms)

========================================================================
Received Prepare
Registering precompiled user dll's ...
Registered in 0.005489 seconds.
Begin MonoManager ReloadAssembly
Native extension for WindowsStandalone target not found
Native extension for WebGL target not found
Refreshing native plugins compatible for Editor in 0.54 ms, found 1 plugins.
Preloading 0 native plugins for Editor in 0.00 ms.
Invoked RoslynAnalysisRunner static constructor.
RoslynAnalysisRunner will not be running.
RoslynAnalysisRunner has terminated.
Mono: successfully reloaded assembly
- Completed reload, in  1.671 seconds
Platform modules already initialized, skipping
Refreshing native plugins compatible for Editor in 0.51 ms, found 1 plugins.
Preloading 0 native plugins for Editor in 0.00 ms.
Unloading 2060 Unused Serialized files (Serialized files now loaded: 0)
System memory in use before: 96.9 MB.
System memory in use after: 97.0 MB.

Unloading 12 unused Assets to reduce memory usage. Loaded Objects now: 2703.
Total: 2.798000 ms (FindLiveObjects: 0.233600 ms CreateObjectMapping: 0.103000 ms MarkObjects: 2.436200 ms  DeleteObjects: 0.024000 ms)

========================================================================
Received Prepare
Refreshing native plugins compatible for Editor in 2.84 ms, found 1 plugins.
Preloading 0 native plugins for Editor in 0.00 ms.
Unloading 10 Unused Serialized files (Serialized files now loaded: 0)
System memory in use before: 56.4 MB.
System memory in use after: 56.5 MB.

Unloading 9 unused Assets to reduce memory usage. Loaded Objects now: 2703.
Total: 3.627600 ms (FindLiveObjects: 0.522900 ms CreateObjectMapping: 0.224400 ms MarkObjects: 2.852700 ms  DeleteObjects: 0.025600 ms)

========================================================================
Received Prepare
Registering precompiled user dll's ...
Registered in 0.004895 seconds.
Begin MonoManager ReloadAssembly
Native extension for WindowsStandalone target not found
Native extension for WebGL target not found
Refreshing native plugins compatible for Editor in 1.06 ms, found 1 plugins.
Preloading 0 native plugins for Editor in 0.00 ms.
Invoked RoslynAnalysisRunner static constructor.
RoslynAnalysisRunner will not be running.
RoslynAnalysisRunner has terminated.
Mono: successfully reloaded assembly
- Completed reload, in  2.837 seconds
Platform modules already initialized, skipping
Refreshing native plugins compatible for Editor in 0.59 ms, found 1 plugins.
Preloading 0 native plugins for Editor in 0.00 ms.
Unloading 2060 Unused Serialized files (Serialized files now loaded: 0)
System memory in use before: 96.9 MB.
System memory in use after: 97.0 MB.

Unloading 12 unused Assets to reduce memory usage. Loaded Objects now: 2706.
Total: 5.237700 ms (FindLiveObjects: 0.737500 ms CreateObjectMapping: 0.266700 ms MarkObjects: 4.194500 ms  DeleteObjects: 0.033200 ms)

========================================================================
Received Prepare
Registering precompiled user dll's ...
Registered in 0.004423 seconds.
Begin MonoManager ReloadAssembly
Native extension for WindowsStandalone target not found
Native extension for WebGL target not found
Refreshing native plugins compatible for Editor in 0.66 ms, found 1 plugins.
Preloading 0 native plugins for Editor in 0.00 ms.
Invoked RoslynAnalysisRunner static constructor.
RoslynAnalysisRunner will not be running.
RoslynAnalysisRunner has terminated.
Mono: successfully reloaded assembly
- Completed reload, in  2.009 seconds
Platform modules already initialized, skipping
Refreshing native plugins compatible for Editor in 1.03 ms, found 1 plugins.
Preloading 0 native plugins for Editor in 0.00 ms.
Unloading 2060 Unused Serialized files (Serialized files now loaded: 0)
System memory in use before: 96.9 MB.
System memory in use after: 97.0 MB.

Unloading 12 unused Assets to reduce memory usage. Loaded Objects now: 2709.
Total: 3.428900 ms (FindLiveObjects: 0.318500 ms CreateObjectMapping: 0.144900 ms MarkObjects: 2.931400 ms  DeleteObjects: 0.032200 ms)

